# JRE version: Java(TM) SE Runtime Environment (8.0_31-b13) (build 1.8.0_31-b13)
# Java VM: Java HotSpot(TM) 64-Bit Server VM (25.31-b07 mixed mode windows-amd64 compressed oops)
Heap:
 par new generation   total 306688K, used 39261K [0x00000000c0000000, 0x00000000d4cc0000, 0x00000000d4cc0000)
  eden space 272640K,  14% used [0x00000000c0000000, 0x00000000c2657760, 0x00000000d0a40000)
  from space 34048K,   0% used [0x00000000d0a40000, 0x00000000d0a40000, 0x00000000d2b80000)
  to   space 34048K,   0% used [0x00000000d2b80000, 0x00000000d2b80000, 0x00000000d4cc0000)
 concurrent mark-sweep generation total 707840K, used 106560K [0x00000000d4cc0000, 0x0000000100000000, 0x0000000100000000)
 Metaspace       used 43041K, capacity 43475K, committed 43776K, reserved 1087488K
  class space    used 5123K, capacity 5259K, committed 5376K, reserved 1048576K
GC Heap History (10 events):
Event: 164.608 GC heap before
{Heap before GC invocations=19 (full 13):
 par new generation   total 306688K, used 277391K [0x00000000c0000000, 0x00000000d4cc0000, 0x00000000d4cc0000)
  eden space 272640K, 100% used [0x00000000c0000000, 0x00000000d0a40000, 0x00000000d0a40000)
  from space 34048K,  13% used [0x00000000d2b80000, 0x00000000d3023e90, 0x00000000d4cc0000)
  to   space 34048K,   0% used [0x00000000d0a40000, 0x00000000d0a40000, 0x00000000d2b80000)
 concurrent mark-sweep generation total 707840K, used 113470K [0x00000000d4cc0000, 0x0000000100000000, 0x0000000100000000)
 Metaspace       used 42724K, capacity 43123K, committed 43392K, reserved 1087488K
  class space    used 5101K, capacity 5227K, committed 5248K, reserved 1048576K
Event: 164.617 GC heap after
Heap after GC invocations=20 (full 13):
 par new generation   total 306688K, used 5678K [0x00000000c0000000, 0x00000000d4cc0000, 0x00000000d4cc0000)
  eden space 272640K,   0% used [0x00000000c0000000, 0x00000000c0000000, 0x00000000d0a40000)
  from space 34048K,  16% used [0x00000000d0a40000, 0x00000000d0fcba98, 0x00000000d2b80000)
  to   space 34048K,   0% used [0x00000000d2b80000, 0x00000000d2b80000, 0x00000000d4cc0000)
 concurrent mark-sweep generation total 707840K, used 113470K [0x00000000d4cc0000, 0x0000000100000000, 0x0000000100000000)
 Metaspace       used 42724K, capacity 43123K, committed 43392K, reserved 1087488K
  class space    used 5101K, capacity 5227K, committed 5248K, reserved 1048576K
}
Event: 164.828 GC heap before
{Heap before GC invocations=20 (full 13):
 par new generation   total 306688K, used 57496K [0x00000000c0000000, 0x00000000d4cc0000, 0x00000000d4cc0000)
  eden space 272640K,  19% used [0x00000000c0000000, 0x00000000c329a570, 0x00000000d0a40000)
  from space 34048K,  16% used [0x00000000d0a40000, 0x00000000d0fcba98, 0x00000000d2b80000)
  to   space 34048K,   0% used [0x00000000d2b80000, 0x00000000d2b80000, 0x00000000d4cc0000)
 concurrent mark-sweep generation total 707840K, used 113470K [0x00000000d4cc0000, 0x0000000100000000, 0x0000000100000000)
 Metaspace       used 42838K, capacity 43219K, committed 43520K, reserved 1087488K
  class space    used 5107K, capacity 5259K, committed 5376K, reserved 1048576K
Event: 165.647 GC heap after
Heap after GC invocations=21 (full 14):
 par new generation   total 306688K, used 0K [0x00000000c0000000, 0x00000000d4cc0000, 0x00000000d4cc0000)
  eden space 272640K,   0% used [0x00000000c0000000, 0x00000000c0000000, 0x00000000d0a40000)
  from space 34048K,   0% used [0x00000000d0a40000, 0x00000000d0a40000, 0x00000000d2b80000)
  to   space 34048K,   0% used [0x00000000d2b80000, 0x00000000d2b80000, 0x00000000d4cc0000)
 concurrent mark-sweep generation total 707840K, used 107219K [0x00000000d4cc0000, 0x0000000100000000, 0x0000000100000000)
 Metaspace       used 42838K, capacity 43219K, committed 43520K, reserved 1087488K
  class space    used 5107K, capacity 5259K, committed 5376K, reserved 1048576K
}
Event: 165.648 GC heap before
{Heap before GC invocations=21 (full 14):
 par new generation   total 306688K, used 4977K [0x00000000c0000000, 0x00000000d4cc0000, 0x00000000d4cc0000)
  eden space 272640K,   1% used [0x00000000c0000000, 0x00000000c04dc528, 0x00000000d0a40000)
  from space 34048K,   0% used [0x00000000d0a40000, 0x00000000d0a40000, 0x00000000d2b80000)
  to   space 34048K,   0% used [0x00000000d2b80000, 0x00000000d2b80000, 0x00000000d4cc0000)
 concurrent mark-sweep generation total 707840K, used 107219K [0x00000000d4cc0000, 0x0000000100000000, 0x0000000100000000)
 Metaspace       used 42838K, capacity 43219K, committed 43520K, reserved 1087488K
  class space    used 5107K, capacity 5259K, committed 5376K, reserved 1048576K
Event: 166.169 GC heap after
Heap after GC invocations=22 (full 15):
 par new generation   total 306688K, used 0K [0x00000000c0000000, 0x00000000d4cc0000, 0x00000000d4cc0000)
  eden space 272640K,   0% used [0x00000000c0000000, 0x00000000c0000000, 0x00000000d0a40000)
  from space 34048K,   0% used [0x00000000d0a40000, 0x00000000d0a40000, 0x00000000d2b80000)
  to   space 34048K,   0% used [0x00000000d2b80000, 0x00000000d2b80000, 0x00000000d4cc0000)
 concurrent mark-sweep generation total 707840K, used 107219K [0x00000000d4cc0000, 0x0000000100000000, 0x0000000100000000)
 Metaspace       used 42838K, capacity 43219K, committed 43520K, reserved 1087488K
  class space    used 5107K, capacity 5259K, committed 5376K, reserved 1048576K
}
Event: 167.234 GC heap before
{Heap before GC invocations=22 (full 15):
 par new generation   total 306688K, used 80845K [0x00000000c0000000, 0x00000000d4cc0000, 0x00000000d4cc0000)
  eden space 272640K,  29% used [0x00000000c0000000, 0x00000000c4ef3648, 0x00000000d0a40000)
  from space 34048K,   0% used [0x00000000d0a40000, 0x00000000d0a40000, 0x00000000d2b80000)
  to   space 34048K,   0% used [0x00000000d2b80000, 0x00000000d2b80000, 0x00000000d4cc0000)
 concurrent mark-sweep generation total 707840K, used 107219K [0x00000000d4cc0000, 0x0000000100000000, 0x0000000100000000)
 Metaspace       used 42991K, capacity 43347K, committed 43776K, reserved 1087488K
  class space    used 5118K, capacity 5259K, committed 5376K, reserved 1048576K
Event: 168.329 GC heap after
Heap after GC invocations=23 (full 16):
 par new generation   total 306688K, used 0K [0x00000000c0000000, 0x00000000d4cc0000, 0x00000000d4cc0000)
  eden space 272640K,   0% used [0x00000000c0000000, 0x00000000c0000000, 0x00000000d0a40000)
  from space 34048K,   0% used [0x00000000d0a40000, 0x00000000d0a40000, 0x00000000d2b80000)
  to   space 34048K,   0% used [0x00000000d2b80000, 0x00000000d2b80000, 0x00000000d4cc0000)
 concurrent mark-sweep generation total 707840K, used 106560K [0x00000000d4cc0000, 0x0000000100000000, 0x0000000100000000)
 Metaspace       used 42991K, capacity 43347K, committed 43776K, reserved 1087488K
  class space    used 5118K, capacity 5259K, committed 5376K, reserved 1048576K
}
Event: 168.334 GC heap before
{Heap before GC invocations=23 (full 17):
 par new generation   total 306688K, used 4977K [0x00000000c0000000, 0x00000000d4cc0000, 0x00000000d4cc0000)
  eden space 272640K,   1% used [0x00000000c0000000, 0x00000000c04dc520, 0x00000000d0a40000)
  from space 34048K,   0% used [0x00000000d0a40000, 0x00000000d0a40000, 0x00000000d2b80000)
  to   space 34048K,   0% used [0x00000000d2b80000, 0x00000000d2b80000, 0x00000000d4cc0000)
 concurrent mark-sweep generation total 707840K, used 106560K [0x00000000d4cc0000, 0x0000000100000000, 0x0000000100000000)
 Metaspace       used 42992K, capacity 43347K, committed 43776K, reserved 1087488K
  class space    used 5118K, capacity 5259K, committed 5376K, reserved 1048576K
Event: 169.597 GC heap after
Heap after GC invocations=24 (full 18):
 par new generation   total 306688K, used 0K [0x00000000c0000000, 0x00000000d4cc0000, 0x00000000d4cc0000)
  eden space 272640K,   0% used [0x00000000c0000000, 0x00000000c0000000, 0x00000000d0a40000)
  from space 34048K,   0% used [0x00000000d0a40000, 0x00000000d0a40000, 0x00000000d2b80000)
  to   space 34048K,   0% used [0x00000000d2b80000, 0x00000000d2b80000, 0x00000000d4cc0000)
 concurrent mark-sweep generation total 707840K, used 106560K [0x00000000d4cc0000, 0x0000000100000000, 0x0000000100000000)
 Metaspace       used 42992K, capacity 43347K, committed 43776K, reserved 1087488K
  class space    used 5118K, capacity 5259K, committed 5376K, reserved 1048576K
}

